This file contains any messages produced by compilers while
running configure, to aid debugging if configure makes a mistake.

It was created by onig configure 5.9.2, which was
generated by GNU Autoconf 2.61.  Invocation command line was

  $ ./configure 

## --------- ##
## Platform. ##
## --------- ##

hostname = eagle.local
uname -m = i386
uname -r = 10.5.0
uname -s = Darwin
uname -v = Darwin Kernel Version 10.5.0: Fri Nov  5 23:20:39 PDT 2010; root:xnu-1504.9.17~1/RELEASE_I386

/usr/bin/uname -p = i386
/bin/uname -X     = unknown

/bin/arch              = unknown
/usr/bin/arch -k       = unknown
/usr/convex/getsysinfo = unknown
/usr/bin/hostinfo      = Mach kernel version:
	 Darwin Kernel Version 10.5.0: Fri Nov  5 23:20:39 PDT 2010; root:xnu-1504.9.17~1/RELEASE_I386
Kernel configured for up to 8 processors.
8 processors are physically available.
8 processors are logically available.
Processor type: i486 (Intel 80486)
Processors active: 0 1 2 3 4 5 6 7
Primary memory available: 12.00 gigabytes
Default processor set: 80 tasks, 482 threads, 8 processors
Load average: 0.38, Mach factor: 7.61
/bin/machine           = unknown
/usr/bin/oslevel       = unknown
/bin/universe          = unknown

PATH: /Users/duff/bin
PATH: /opt/local/bin
PATH: /opt/local/sbin
PATH: /Users/duff/bin
PATH: /opt/local/bin
PATH: /bin
PATH: /sbin
PATH: /usr/bin
PATH: /usr/sbin
PATH: /Developer/Tools
PATH: /usr/local/bin
PATH: /usr/texbin
PATH: /Developer/Tools


## ----------- ##
## Core tests. ##
## ----------- ##

configure:1967: checking for a BSD-compatible install
configure:2023: result: /usr/bin/install -c
configure:2034: checking whether build environment is sane
configure:2077: result: yes
configure:2105: checking for a thread-safe mkdir -p
configure:2144: result: ./install-sh -c -d
configure:2157: checking for gawk
configure:2187: result: no
configure:2157: checking for mawk
configure:2187: result: no
configure:2157: checking for nawk
configure:2187: result: no
configure:2157: checking for awk
configure:2173: found /usr/bin/awk
configure:2184: result: awk
configure:2195: checking whether make sets $(MAKE)
configure:2216: result: yes
configure:2501: checking for gcc
configure:2517: found /usr/bin/gcc
configure:2528: result: gcc
configure:2766: checking for C compiler version
configure:2773: gcc --version >&5
i686-apple-darwin10-gcc-4.2.1 (GCC) 4.2.1 (Apple Inc. build 5664)
Copyright (C) 2007 Free Software Foundation, Inc.
This is free software; see the source for copying conditions.  There is NO
warranty; not even for MERCHANTABILITY or FITNESS FOR A PARTICULAR PURPOSE.

configure:2776: $? = 0
configure:2783: gcc -v >&5
Using built-in specs.
Target: i686-apple-darwin10
Configured with: /var/tmp/gcc/gcc-5664~105/src/configure --disable-checking --enable-werror --prefix=/usr --mandir=/share/man --enable-languages=c,objc,c++,obj-c++ --program-transform-name=/^[cg][^.-]*$/s/$/-4.2/ --with-slibdir=/usr/lib --build=i686-apple-darwin10 --program-prefix=i686-apple-darwin10- --host=x86_64-apple-darwin10 --target=i686-apple-darwin10 --with-gxx-include-dir=/include/c++/4.2.1
Thread model: posix
gcc version 4.2.1 (Apple Inc. build 5664)
configure:2786: $? = 0
configure:2793: gcc -V >&5
gcc-4.2: argument to `-V' is missing
configure:2796: $? = 1
configure:2819: checking for C compiler default output file name
configure:2846: gcc    conftest.c  >&5
configure:2849: $? = 0
configure:2887: result: a.out
configure:2904: checking whether the C compiler works
configure:2914: ./a.out
configure:2917: $? = 0
configure:2934: result: yes
configure:2941: checking whether we are cross compiling
configure:2943: result: no
configure:2946: checking for suffix of executables
configure:2953: gcc -o conftest    conftest.c  >&5
configure:2956: $? = 0
configure:2980: result: 
configure:2986: checking for suffix of object files
configure:3012: gcc -c   conftest.c >&5
configure:3015: $? = 0
configure:3038: result: o
configure:3042: checking whether we are using the GNU C compiler
configure:3071: gcc -c   conftest.c >&5
configure:3077: $? = 0
configure:3094: result: yes
configure:3099: checking whether gcc accepts -g
configure:3129: gcc -c -g  conftest.c >&5
configure:3135: $? = 0
configure:3234: result: yes
configure:3251: checking for gcc option to accept ISO C89
configure:3325: gcc  -c -g -O2  conftest.c >&5
configure:3331: $? = 0
configure:3354: result: none needed
configure:3383: checking for style of include used by make
configure:3411: result: GNU
configure:3436: checking dependency style of gcc
configure:3527: result: gcc3
configure:3573: checking build system type
configure:3591: result: i386-apple-darwin10.5.0
configure:3613: checking host system type
configure:3628: result: i386-apple-darwin10.5.0
configure:3650: checking for a sed that does not truncate output
configure:3729: result: /usr/bin/sed
configure:3747: checking for grep that handles long lines and -e
configure:3821: result: /usr/bin/grep
configure:3826: checking for egrep
configure:3904: result: /usr/bin/grep -E
configure:3909: checking for fgrep
configure:3987: result: /usr/bin/grep -F
configure:4022: checking for ld used by gcc
configure:4089: result: /usr/libexec/gcc/i686-apple-darwin10/4.2.1/ld
configure:4098: checking if the linker (/usr/libexec/gcc/i686-apple-darwin10/4.2.1/ld) is GNU ld
configure:4113: result: no
configure:4125: checking for BSD- or MS-compatible name lister (nm)
configure:4174: result: /usr/bin/nm
configure:4296: checking the name lister (/usr/bin/nm) interface
configure:4303: gcc -c -g -O2  conftest.c >&5
configure:4306: /usr/bin/nm "conftest.o"
configure:4309: output
0000000000000194 D _some_variable
configure:4316: result: BSD nm
configure:4319: checking whether ln -s works
configure:4323: result: yes
configure:4331: checking the maximum length of command line arguments
configure:4451: result: 196608
configure:4468: checking whether the shell understands some XSI constructs
configure:4478: result: yes
configure:4482: checking whether the shell understands "+="
configure:4488: result: yes
configure:4523: checking for /usr/libexec/gcc/i686-apple-darwin10/4.2.1/ld option to reload object files
configure:4530: result: -r
configure:4557: checking how to recognize dependent libraries
configure:4747: result: pass_all
configure:4807: checking for ar
configure:4823: found /usr/bin/ar
configure:4834: result: ar
configure:4916: checking for strip
configure:4932: found /usr/bin/strip
configure:4943: result: strip
configure:5019: checking for ranlib
configure:5035: found /usr/bin/ranlib
configure:5046: result: ranlib
configure:5140: checking command to parse /usr/bin/nm output from gcc object
configure:5258: gcc -c -g -O2  conftest.c >&5
configure:5261: $? = 0
configure:5265: /usr/bin/nm conftest.o \| sed -n -e 's/^.*[	 ]\([BCDEGRST][BCDEGRST]*\)[	 ][	 ]*\([_A-Za-z][_A-Za-z0-9]*\)$/\1 \2 \2/p' \> conftest.nm
configure:5268: $? = 0
cannot find nm_test_var in conftest.nm
configure:5258: gcc -c -g -O2  conftest.c >&5
configure:5261: $? = 0
configure:5265: /usr/bin/nm conftest.o \| sed -n -e 's/^.*[	 ]\([BCDEGRST][BCDEGRST]*\)[	 ][	 ]*_\([_A-Za-z][_A-Za-z0-9]*\)$/\1 _\2 \2/p' \> conftest.nm
configure:5268: $? = 0
configure:5322: gcc -o conftest -g -O2   conftest.c conftstm.o >&5
configure:5325: $? = 0
configure:5363: result: ok
configure:5653: checking for dsymutil
configure:5669: found /usr/bin/dsymutil
configure:5680: result: dsymutil
configure:5749: checking for nmedit
configure:5765: found /usr/bin/nmedit
configure:5776: result: nmedit
configure:5845: checking for lipo
configure:5861: found /usr/bin/lipo
configure:5872: result: lipo
configure:5941: checking for otool
configure:5957: found /usr/bin/otool
configure:5968: result: otool
configure:6037: checking for otool64
configure:6067: result: no
configure:6116: checking for -single_module linker flag
gcc -g -O2  -o libconftest.dylib -dynamiclib -Wl,-single_module conftest.c
configure:6143: result: yes
configure:6145: checking for -exported_symbols_list linker flag
configure:6175: gcc -o conftest -g -O2   -Wl,-exported_symbols_list,conftest.sym conftest.c  >&5
configure:6181: $? = 0
configure:6200: result: yes
configure:6242: checking how to run the C preprocessor
configure:6282: gcc -E  conftest.c
configure:6288: $? = 0
configure:6319: gcc -E  conftest.c
conftest.c:10:28: error: ac_nonexistent.h: No such file or directory
configure:6325: $? = 1
configure: failed program was:
| /* confdefs.h.  */
| #define PACKAGE_NAME "onig"
| #define PACKAGE_TARNAME "onig"
| #define PACKAGE_VERSION "5.9.2"
| #define PACKAGE_STRING "onig 5.9.2"
| #define PACKAGE_BUGREPORT ""
| #define PACKAGE "onig"
| #define VERSION "5.9.2"
| /* end confdefs.h.  */
| #include <ac_nonexistent.h>
configure:6358: result: gcc -E
configure:6387: gcc -E  conftest.c
configure:6393: $? = 0
configure:6424: gcc -E  conftest.c
conftest.c:10:28: error: ac_nonexistent.h: No such file or directory
configure:6430: $? = 1
configure: failed program was:
| /* confdefs.h.  */
| #define PACKAGE_NAME "onig"
| #define PACKAGE_TARNAME "onig"
| #define PACKAGE_VERSION "5.9.2"
| #define PACKAGE_STRING "onig 5.9.2"
| #define PACKAGE_BUGREPORT ""
| #define PACKAGE "onig"
| #define VERSION "5.9.2"
| /* end confdefs.h.  */
| #include <ac_nonexistent.h>
configure:6468: checking for ANSI C header files
configure:6498: gcc -c -g -O2  conftest.c >&5
configure:6504: $? = 0
configure:6603: gcc -o conftest -g -O2   conftest.c  >&5
configure:6606: $? = 0
configure:6612: ./conftest
configure:6615: $? = 0
configure:6632: result: yes
configure:6656: checking for sys/types.h
configure:6677: gcc -c -g -O2  conftest.c >&5
configure:6683: $? = 0
configure:6699: result: yes
configure:6656: checking for sys/stat.h
configure:6677: gcc -c -g -O2  conftest.c >&5
configure:6683: $? = 0
configure:6699: result: yes
configure:6656: checking for stdlib.h
configure:6677: gcc -c -g -O2  conftest.c >&5
configure:6683: $? = 0
configure:6699: result: yes
configure:6656: checking for string.h
configure:6677: gcc -c -g -O2  conftest.c >&5
configure:6683: $? = 0
configure:6699: result: yes
configure:6656: checking for memory.h
configure:6677: gcc -c -g -O2  conftest.c >&5
configure:6683: $? = 0
configure:6699: result: yes
configure:6656: checking for strings.h
configure:6677: gcc -c -g -O2  conftest.c >&5
configure:6683: $? = 0
configure:6699: result: yes
configure:6656: checking for inttypes.h
configure:6677: gcc -c -g -O2  conftest.c >&5
configure:6683: $? = 0
configure:6699: result: yes
configure:6656: checking for stdint.h
configure:6677: gcc -c -g -O2  conftest.c >&5
configure:6683: $? = 0
configure:6699: result: yes
configure:6656: checking for unistd.h
configure:6677: gcc -c -g -O2  conftest.c >&5
configure:6683: $? = 0
configure:6699: result: yes
configure:6715: checking for dlfcn.h
configure:6736: gcc -c -g -O2  conftest.c >&5
configure:6742: $? = 0
configure:6758: result: yes
configure:6942: checking for objdir
configure:6957: result: .libs
configure:7249: checking if gcc supports -fno-rtti -fno-exceptions
configure:7267: gcc -c -g -O2  -fno-rtti -fno-exceptions conftest.c >&5
cc1: warning: command line option "-fno-rtti" is valid for C++/ObjC++ but not for C
configure:7271: $? = 0
configure:7284: result: no
configure:7304: checking for gcc option to produce PIC
configure:7561: result: -fno-common -DPIC
configure:7573: checking if gcc PIC flag -fno-common -DPIC works
configure:7591: gcc -c -g -O2  -fno-common -DPIC -DPIC conftest.c >&5
configure:7595: $? = 0
configure:7608: result: yes
configure:7632: checking if gcc static flag -static works
configure:7660: result: no
configure:7675: checking if gcc supports -c -o file.o
configure:7696: gcc -c -g -O2  -o out/conftest2.o conftest.c >&5
configure:7700: $? = 0
configure:7722: result: yes
configure:7730: checking if gcc supports -c -o file.o
configure:7777: result: yes
configure:7810: checking whether the gcc linker (/usr/libexec/gcc/i686-apple-darwin10/4.2.1/ld) supports shared libraries
configure:8864: result: yes
configure:9103: checking dynamic linker characteristics
configure:9782: result: darwin10.5.0 dyld
configure:9884: checking how to hardcode library paths into programs
configure:9909: result: immediate
configure:10722: checking whether stripping libraries is possible
configure:10736: result: yes
configure:10762: checking if libtool supports shared libraries
configure:10764: result: yes
configure:10767: checking whether to build shared libraries
configure:10788: result: yes
configure:10791: checking whether to build static libraries
configure:10795: result: yes
configure:10846: checking for a BSD-compatible install
configure:10902: result: /usr/bin/install -c
configure:10913: checking whether make sets $(MAKE)
configure:10934: result: yes
configure:10945: checking for ANSI C header files
configure:11109: result: yes
configure:11129: checking for stdlib.h
configure:11135: result: yes
configure:11129: checking for string.h
configure:11135: result: yes
configure:11129: checking for strings.h
configure:11135: result: yes
configure:11139: checking sys/time.h usability
configure:11156: gcc -c -g -O2  conftest.c >&5
configure:11162: $? = 0
configure:11176: result: yes
configure:11180: checking sys/time.h presence
configure:11195: gcc -E  conftest.c
configure:11201: $? = 0
configure:11215: result: yes
configure:11243: checking for sys/time.h
configure:11251: result: yes
configure:11129: checking for unistd.h
configure:11135: result: yes
configure:11139: checking sys/times.h usability
configure:11156: gcc -c -g -O2  conftest.c >&5
configure:11162: $? = 0
configure:11176: result: yes
configure:11180: checking sys/times.h presence
configure:11195: gcc -E  conftest.c
configure:11201: $? = 0
configure:11215: result: yes
configure:11243: checking for sys/times.h
configure:11251: result: yes
configure:11265: checking for int
configure:11295: gcc -c -g -O2  conftest.c >&5
configure:11301: $? = 0
configure:11316: result: yes
configure:11323: checking size of int
configure:11625: gcc -o conftest -g -O2   conftest.c  >&5
configure:11628: $? = 0
configure:11634: ./conftest
configure:11637: $? = 0
configure:11660: result: 4
configure:11670: checking for short
configure:11700: gcc -c -g -O2  conftest.c >&5
configure:11706: $? = 0
configure:11721: result: yes
configure:11728: checking size of short
configure:12030: gcc -o conftest -g -O2   conftest.c  >&5
configure:12033: $? = 0
configure:12039: ./conftest
configure:12042: $? = 0
configure:12065: result: 2
configure:12075: checking for long
configure:12105: gcc -c -g -O2  conftest.c >&5
configure:12111: $? = 0
configure:12126: result: yes
configure:12133: checking size of long
configure:12435: gcc -o conftest -g -O2   conftest.c  >&5
configure:12438: $? = 0
configure:12444: ./conftest
configure:12447: $? = 0
configure:12470: result: 8
configure:12480: checking for an ANSI C-conforming const
configure:12555: gcc -c -g -O2  conftest.c >&5
configure:12561: $? = 0
configure:12576: result: yes
configure:12586: checking whether time.h and sys/time.h may both be included
configure:12616: gcc -c -g -O2  conftest.c >&5
configure:12622: $? = 0
configure:12637: result: yes
configure:12650: checking for working alloca.h
configure:12677: gcc -o conftest -g -O2   conftest.c  >&5
configure:12683: $? = 0
configure:12700: result: yes
configure:12710: checking for alloca
configure:12757: gcc -o conftest -g -O2   conftest.c  >&5
configure:12763: $? = 0
configure:12780: result: yes
configure:13007: checking for working memcmp
configure:13060: gcc -o conftest -g -O2   conftest.c  >&5
configure:13063: $? = 0
configure:13069: ./conftest
configure:13072: $? = 0
configure:13088: result: yes
configure:13098: checking for prototypes
configure:13124: gcc -c -g -O2  conftest.c >&5
configure:13130: $? = 0
configure:13145: result: yes
configure:13155: checking for variable length prototypes and stdarg.h
configure:13191: gcc -c -g -O2  conftest.c >&5
configure:13197: $? = 0
configure:13212: result: yes
configure:13341: creating ./config.status

## ---------------------- ##
## Running config.status. ##
## ---------------------- ##

This file was extended by onig config.status 5.9.2, which was
generated by GNU Autoconf 2.61.  Invocation command line was

  CONFIG_FILES    = 
  CONFIG_HEADERS  = 
  CONFIG_LINKS    = 
  CONFIG_COMMANDS = 
  $ ./config.status 

on eagle.local

config.status:850: creating Makefile
config.status:850: creating onig-config
config.status:850: creating sample/Makefile
config.status:850: creating config.h
config.status:1139: executing depfiles commands
config.status:1139: executing libtool commands
config.status:1139: executing default commands

## ---------------- ##
## Cache variables. ##
## ---------------- ##

ac_cv_build=i386-apple-darwin10.5.0
ac_cv_c_compiler_gnu=yes
ac_cv_c_const=yes
ac_cv_env_CC_set=
ac_cv_env_CC_value=
ac_cv_env_CFLAGS_set=
ac_cv_env_CFLAGS_value=
ac_cv_env_CPPFLAGS_set=
ac_cv_env_CPPFLAGS_value=
ac_cv_env_CPP_set=
ac_cv_env_CPP_value=
ac_cv_env_LDFLAGS_set=
ac_cv_env_LDFLAGS_value=
ac_cv_env_LIBS_set=
ac_cv_env_LIBS_value=
ac_cv_env_build_alias_set=
ac_cv_env_build_alias_value=
ac_cv_env_host_alias_set=
ac_cv_env_host_alias_value=
ac_cv_env_target_alias_set=
ac_cv_env_target_alias_value=
ac_cv_func_alloca_works=yes
ac_cv_func_memcmp_working=yes
ac_cv_header_dlfcn_h=yes
ac_cv_header_inttypes_h=yes
ac_cv_header_memory_h=yes
ac_cv_header_stdc=yes
ac_cv_header_stdint_h=yes
ac_cv_header_stdlib_h=yes
ac_cv_header_string_h=yes
ac_cv_header_strings_h=yes
ac_cv_header_sys_stat_h=yes
ac_cv_header_sys_time_h=yes
ac_cv_header_sys_times_h=yes
ac_cv_header_sys_types_h=yes
ac_cv_header_time=yes
ac_cv_header_unistd_h=yes
ac_cv_host=i386-apple-darwin10.5.0
ac_cv_objext=o
ac_cv_path_EGREP='/usr/bin/grep -E'
ac_cv_path_FGREP='/usr/bin/grep -F'
ac_cv_path_GREP=/usr/bin/grep
ac_cv_path_SED=/usr/bin/sed
ac_cv_path_install='/usr/bin/install -c'
ac_cv_prog_AWK=awk
ac_cv_prog_CPP='gcc -E'
ac_cv_prog_ac_ct_AR=ar
ac_cv_prog_ac_ct_CC=gcc
ac_cv_prog_ac_ct_DSYMUTIL=dsymutil
ac_cv_prog_ac_ct_LIPO=lipo
ac_cv_prog_ac_ct_NMEDIT=nmedit
ac_cv_prog_ac_ct_OTOOL=otool
ac_cv_prog_ac_ct_RANLIB=ranlib
ac_cv_prog_ac_ct_STRIP=strip
ac_cv_prog_cc_c89=
ac_cv_prog_cc_g=yes
ac_cv_prog_make_make_set=yes
ac_cv_sizeof_int=4
ac_cv_sizeof_long=8
ac_cv_sizeof_short=2
ac_cv_type_int=yes
ac_cv_type_long=yes
ac_cv_type_short=yes
ac_cv_working_alloca_h=yes
am_cv_CC_dependencies_compiler_type=gcc3
lt_cv_apple_cc_single_mod=yes
lt_cv_deplibs_check_method=pass_all
lt_cv_file_magic_cmd='$MAGIC_CMD'
lt_cv_file_magic_test_file=
lt_cv_ld_exported_symbols_list=yes
lt_cv_ld_reload_flag=-r
lt_cv_nm_interface='BSD nm'
lt_cv_objdir=.libs
lt_cv_path_LD=/usr/libexec/gcc/i686-apple-darwin10/4.2.1/ld
lt_cv_path_NM=/usr/bin/nm
lt_cv_prog_compiler_c_o=yes
lt_cv_prog_compiler_pic_works=yes
lt_cv_prog_compiler_rtti_exceptions=no
lt_cv_prog_compiler_static_works=no
lt_cv_prog_gnu_ld=no
lt_cv_sys_global_symbol_pipe='sed -n -e '\''s/^.*[	 ]\([BCDEGRST][BCDEGRST]*\)[	 ][	 ]*_\([_A-Za-z][_A-Za-z0-9]*\)$/\1 _\2 \2/p'\'''
lt_cv_sys_global_symbol_to_c_name_address='sed -n -e '\''s/^: \([^ ]*\) $/  {\"\1\", (void *) 0},/p'\'' -e '\''s/^[BCDEGRST]* \([^ ]*\) \([^ ]*\)$/  {"\2", (void *) \&\2},/p'\'''
lt_cv_sys_global_symbol_to_c_name_address_lib_prefix='sed -n -e '\''s/^: \([^ ]*\) $/  {\"\1\", (void *) 0},/p'\'' -e '\''s/^[BCDEGRST]* \([^ ]*\) \(lib[^ ]*\)$/  {"\2", (void *) \&\2},/p'\'' -e '\''s/^[BCDEGRST]* \([^ ]*\) \([^ ]*\)$/  {"lib\2", (void *) \&\2},/p'\'''
lt_cv_sys_global_symbol_to_cdecl='sed -n -e '\''s/^T .* \(.*\)$/extern int \1();/p'\'' -e '\''s/^[BCDEGRST]* .* \(.*\)$/extern char \1;/p'\'''
lt_cv_sys_max_cmd_len=196608

## ----------------- ##
## Output variables. ##
## ----------------- ##

ACLOCAL='${SHELL} /Users/duff/Source/Avian/Frameworks/regexp/onig-latest/missing --run aclocal-1.10'
ALLOCA=''
AMDEPBACKSLASH='\'
AMDEP_FALSE='#'
AMDEP_TRUE=''
AMTAR='${SHELL} /Users/duff/Source/Avian/Frameworks/regexp/onig-latest/missing --run tar'
AR='ar'
AUTOCONF='${SHELL} /Users/duff/Source/Avian/Frameworks/regexp/onig-latest/missing --run autoconf'
AUTOHEADER='${SHELL} /Users/duff/Source/Avian/Frameworks/regexp/onig-latest/missing --run autoheader'
AUTOMAKE='${SHELL} /Users/duff/Source/Avian/Frameworks/regexp/onig-latest/missing --run automake-1.10'
AWK='awk'
CC='gcc'
CCDEPMODE='depmode=gcc3'
CFLAGS='-g -O2'
CPP='gcc -E'
CPPFLAGS=''
CYGPATH_W='echo'
DEFS='-DHAVE_CONFIG_H'
DEPDIR='.deps'
DSYMUTIL='dsymutil'
DUMPBIN=''
ECHO_C='ECHO_N=''
ECHO_T=''
EGREP='/usr/bin/grep -E'
EXEEXT=''
FGREP='/usr/bin/grep -F'
GREP='/usr/bin/grep'
INSTALL_DATA='${INSTALL} -m 644'
INSTALL_PROGRAM='${INSTALL}'
INSTALL_SCRIPT='${INSTALL}'
INSTALL_STRIP_PROGRAM='$(install_sh) -c -s'
LD='/usr/libexec/gcc/i686-apple-darwin10/4.2.1/ld'
LDFLAGS=''
LIBOBJS=''
LIBS=''
LIBTOOL='$(SHELL) $(top_builddir)/libtool'
LIPO='lipo'
LN_S='ln -s'
LTLIBOBJS=''
LTVERSION='2:0:0'
MAKEINFO='${SHELL} /Users/duff/Source/Avian/Frameworks/regexp/onig-latest/missing --run makeinfo'
NM='/usr/bin/nm'
NMEDIT='nmedit'
OBJEXT='o'
OTOOL64=':'
OTOOL='otool'
PACKAGE='onig'
PACKAGE_BUGREPORT=''
PACKAGE_NAME='onig'
PACKAGE_STRING='onig 5.9.2'
PACKAGE_TARNAME='onig'
PACKAGE_VERSION='5.9.2'
PATH_SEPARATOR=':'
RANLIB='ranlib'
RUBYDIR='..'
SED='/usr/bin/sed'
SET_MAKE=''
SHELL='/bin/sh'
STATISTICS=''
STRIP='strip'
VERSION='5.9.2'
ac_ct_CC='gcc'
ac_ct_DUMPBIN=''
am__fastdepCC_FALSE='#'
am__fastdepCC_TRUE=''
am__include='include'
am__isrc=''
am__leading_dot='.'
am__quote=''
am__tar='${AMTAR} chof - "$$tardir"'
am__untar='${AMTAR} xf -'
bindir='${exec_prefix}/bin'
build='i386-apple-darwin10.5.0'
build_alias=''
build_cpu='i386'
build_os='darwin10.5.0'
build_vendor='apple'
datadir='${datarootdir}'
datarootdir='${prefix}/share'
docdir='${datarootdir}/doc/${PACKAGE_TARNAME}'
dvidir='${docdir}'
exec_prefix='${prefix}'
host='i386-apple-darwin10.5.0'
host_alias=''
host_cpu='i386'
host_os='darwin10.5.0'
host_vendor='apple'
htmldir='${docdir}'
includedir='${prefix}/include'
infodir='${datarootdir}/info'
install_sh='$(SHELL) /Users/duff/Source/Avian/Frameworks/regexp/onig-latest/install-sh'
libdir='${exec_prefix}/lib'
libexecdir='${exec_prefix}/libexec'
localedir='${datarootdir}/locale'
localstatedir='${prefix}/var'
lt_ECHO='/bin/echo'
mandir='${datarootdir}/man'
mkdir_p='$(top_builddir)/./install-sh -c -d'
oldincludedir='/usr/include'
pdfdir='${docdir}'
prefix='/usr/local'
program_transform_name='s,x,x,'
psdir='${docdir}'
sbindir='${exec_prefix}/sbin'
sharedstatedir='${prefix}/com'
sysconfdir='${prefix}/etc'
target_alias=''

## ----------- ##
## confdefs.h. ##
## ----------- ##

#define PACKAGE_NAME "onig"
#define PACKAGE_TARNAME "onig"
#define PACKAGE_VERSION "5.9.2"
#define PACKAGE_STRING "onig 5.9.2"
#define PACKAGE_BUGREPORT ""
#define PACKAGE "onig"
#define VERSION "5.9.2"
#define STDC_HEADERS 1
#define HAVE_SYS_TYPES_H 1
#define HAVE_SYS_STAT_H 1
#define HAVE_STDLIB_H 1
#define HAVE_STRING_H 1
#define HAVE_MEMORY_H 1
#define HAVE_STRINGS_H 1
#define HAVE_INTTYPES_H 1
#define HAVE_STDINT_H 1
#define HAVE_UNISTD_H 1
#define HAVE_DLFCN_H 1
#define LT_OBJDIR ".libs/"
#define STDC_HEADERS 1
#define HAVE_STDLIB_H 1
#define HAVE_STRING_H 1
#define HAVE_STRINGS_H 1
#define HAVE_SYS_TIME_H 1
#define HAVE_UNISTD_H 1
#define HAVE_SYS_TIMES_H 1
#define SIZEOF_INT 4
#define SIZEOF_SHORT 2
#define SIZEOF_LONG 8
#define TIME_WITH_SYS_TIME 1
#define HAVE_ALLOCA_H 1
#define HAVE_ALLOCA 1
#define HAVE_PROTOTYPES 1
#define HAVE_STDARG_PROTOTYPES 1

configure: exit 0
